app/build/outputs/logs/manifest-merger-debug-report.txt
-- Merging decision tree log ---
manifest
ADDED from src\main\AndroidManifest.xml:2:1-44:12
	package
		ADDED from src\main\AndroidManifest.xml:3:5-29
		INJECTED from src\main\AndroidManifest.xml
		INJECTED from src\main\AndroidManifest.xml
	android:versionName
		INJECTED from src\main\AndroidManifest.xml
		INJECTED from src\main\AndroidManifest.xml
	xmlns:android
		ADDED from src\main\AndroidManifest.xml:2:11-69
	android:versionCode
		INJECTED from src\main\AndroidManifest.xml
		INJECTED from src\main\AndroidManifest.xml
uses-permission#android.permission.ACCESS_FINE_LOCATION
ADDED from src\main\AndroidManifest.xml:5:5-79
	android:name
		ADDED from src\main\AndroidManifest.xml:5:22-76
uses-permission#android.permission.INTERNET
ADDED from src\main\AndroidManifest.xml:6:5-67
MERGED from [com.google.android.gms:play-services-ads-lite:10.2.6] AndroidManifest.xml:19:5-66
MERGED from [com.google.android.gms:play-services-analytics:10.2.6] AndroidManifest.xml:20:5-66
MERGED from [com.google.android.gms:play-services-appinvite:10.2.6] AndroidManifest.xml:18:5-66
MERGED from [com.google.firebase:firebase-crash:10.2.6] AndroidManifest.xml:18:5-66
MERGED from [com.google.android.gms:play-services-gcm:10.2.6] AndroidManifest.xml:21:5-66
MERGED from [com.google.android.gms:play-services-iid:10.2.6] AndroidManifest.xml:21:5-66
MERGED from [com.google.android.gms:play-services-tagmanager-api:10.2.6] AndroidManifest.xml:20:5-66
MERGED from [com.google.firebase:firebase-analytics:10.2.6] AndroidManifest.xml:20:5-66
MERGED from [com.google.firebase:firebase-analytics-impl:10.2.6] AndroidManifest.xml:20:5-66
MERGED from [com.google.firebase:firebase-iid:10.2.6] AndroidManifest.xml:20:5-66
MERGED from [com.google.android.gms:play-services-analytics-impl:10.2.6] AndroidManifest.xml:20:5-66
MERGED from [com.google.android.gms:play-services-maps:10.2.6] AndroidManifest.xml:20:5-66
	android:name
		ADDED from src\main\AndroidManifest.xml:6:22-64
application
ADDED from src\main\AndroidManifest.xml:8:5-42:19
MERGED from [com.google.firebase:firebase-core:10.2.6] AndroidManifest.xml:5:5-20
MERGED from [com.android.support:design:26.0.1] AndroidManifest.xml:25:5-29:19
MERGED from [com.android.support:recyclerview-v7:26.0.1] AndroidManifest.xml:22:5-26:19
MERGED from [com.android.support:transition:26.0.1] AndroidManifest.xml:22:5-26:19
MERGED from [com.google.android.gms:play-services:10.2.6] AndroidManifest.xml:5:5-20
MERGED from [com.google.android.gms:play-services-ads-lite:10.2.6] AndroidManifest.xml:23:5-27:19
MERGED from [com.google.android.gms:play-services-analytics:10.2.6] AndroidManifest.xml:26:5-19
MERGED from [com.google.android.gms:play-services-appinvite:10.2.6] AndroidManifest.xml:19:5-26:19
MERGED from [com.google.android.gms:play-services-auth:10.2.6] AndroidManifest.xml:19:5-25:19
MERGED from [com.google.android.gms:play-services-cast-framework:10.2.6] AndroidManifest.xml:4:5-8:19
MERGED from [com.google.android.gms:play-services-cast:10.2.6] AndroidManifest.xml:18:5-19
MERGED from [com.android.support:mediarouter-v7:25.2.0] AndroidManifest.xml:22:5-20
MERGED from [com.android.support:palette-v7:25.2.0] AndroidManifest.xml:22:5-23:19
MERGED from [com.google.android.gms:play-services-clearcut:10.2.6] AndroidManifest.xml:18:5-19
MERGED from [com.google.firebase:firebase-config:10.2.6] AndroidManifest.xml:18:5-19
MERGED from [com.google.android.gms:play-services-awareness:10.2.6] AndroidManifest.xml:18:5-19
MERGED from [com.google.firebase:firebase-crash:10.2.6] AndroidManifest.xml:22:5-23:19
MERGED from [com.google.firebase:firebase-auth:10.2.6] AndroidManifest.xml:19:5-20:19
MERGED from [com.google.firebase:firebase-messaging:10.2.6] AndroidManifest.xml:19:5-29:19
MERGED from [com.google.android.gms:play-services-fitness:10.2.6] AndroidManifest.xml:18:5-19
MERGED from [com.google.android.gms:play-services-games:10.2.6] AndroidManifest.xml:18:5-19
MERGED from [com.google.android.gms:play-services-drive:10.2.6] AndroidManifest.xml:18:5-19
MERGED from [com.google.android.gms:play-services-gass:10.2.6] AndroidManifest.xml:4:5-19
MERGED from [com.google.android.gms:play-services-gcm:10.2.6] AndroidManifest.xml:23:5-19
MERGED from [com.google.firebase:firebase-appindexing:10.2.6] AndroidManifest.xml:18:5-19
MERGED from [com.google.android.gms:play-services-iid:10.2.6] AndroidManifest.xml:23:5-19
MERGED from [com.google.android.gms:play-services-location:10.2.6] AndroidManifest.xml:4:5-19
MERGED from [com.google.android.gms:play-services-nearby:10.2.6] AndroidManifest.xml:5:5-19
MERGED from [com.google.android.gms:play-services-panorama:10.2.6] AndroidManifest.xml:18:5-19
MERGED from [com.google.android.gms:play-services-places:10.2.6] AndroidManifest.xml:18:5-19
MERGED from [com.google.android.gms:play-services-plus:10.2.6] AndroidManifest.xml:18:5-19
MERGED from [com.google.android.gms:play-services-safetynet:10.2.6] AndroidManifest.xml:18:5-19
MERGED from [com.google.android.gms:play-services-tagmanager-api:10.2.6] AndroidManifest.xml:23:5-33:19
MERGED from [com.google.firebase:firebase-analytics:10.2.6] AndroidManifest.xml:24:5-33:19
MERGED from [com.google.firebase:firebase-analytics-impl:10.2.6] AndroidManifest.xml:24:5-28:19
MERGED from [com.google.firebase:firebase-iid:10.2.6] AndroidManifest.xml:28:5-49:19
MERGED from [com.google.firebase:firebase-common:10.2.6] AndroidManifest.xml:4:5-7:19
MERGED from [com.google.android.gms:play-services-tagmanager-v4-impl:10.2.6] AndroidManifest.xml:19:5-19
MERGED from [com.google.android.gms:play-services-analytics-impl:10.2.6] AndroidManifest.xml:26:5-19
MERGED from [com.google.android.gms:play-services-vision:10.2.6] AndroidManifest.xml:4:5-19
MERGED from [com.google.android.gms:play-services-identity:10.2.6] AndroidManifest.xml:18:5-19
MERGED from [com.google.android.gms:play-services-wearable:10.2.6] AndroidManifest.xml:18:5-19
MERGED from [com.google.android.gms:play-services-maps:10.2.6] AndroidManifest.xml:24:5-19
MERGED from [com.google.android.gms:play-services-base:10.2.6] AndroidManifest.xml:18:5-20:19
MERGED from [com.google.android.gms:play-services-tasks:10.2.6] AndroidManifest.xml:4:5-19
MERGED from [com.google.android.gms:play-services-basement:10.2.6] AndroidManifest.xml:19:5-21:19
MERGED from [com.google.maps.android:android-maps-utils:0.4.4] AndroidManifest.xml:7:5-11:19
MERGED from [com.facebook.android:facebook-android-sdk:4.30.0] AndroidManifest.xml:28:5-29:19
MERGED from [com.facebook.android:facebook-login:4.30.0] AndroidManifest.xml:28:5-29:19
MERGED from [com.facebook.android:facebook-share:4.30.0] AndroidManifest.xml:28:5-29:19
MERGED from [com.facebook.android:facebook-common:4.30.0] AndroidManifest.xml:28:5-34:19
MERGED from [com.facebook.android:facebook-places:4.30.0] AndroidManifest.xml:28:5-29:19
MERGED from [com.facebook.android:facebook-applinks:4.30.0] AndroidManifest.xml:28:5-29:19
MERGED from [com.facebook.android:facebook-messenger:4.30.0] AndroidManifest.xml:28:5-29:19
MERGED from [com.facebook.android:facebook-core:4.30.0] AndroidManifest.xml:28:5-43:19
MERGED from [com.android.support.constraint:constraint-layout:1.0.0-alpha7] AndroidManifest.xml:9:5-20
	android:label
		ADDED from src\main\AndroidManifest.xml:12:9-41
	android:supportsRtl
		ADDED from src\main\AndroidManifest.xml:13:9-35
	android:allowBackup
		ADDED from src\main\AndroidManifest.xml:10:9-35
	android:icon
		ADDED from src\main\AndroidManifest.xml:11:9-37
	android:theme
		ADDED from src\main\AndroidManifest.xml:14:9-40
	android:name
		ADDED from src\main\AndroidManifest.xml:9:9-68
meta-data#com.facebook.sdk.ApplicationId
ADDED from src\main\AndroidManifest.xml:15:9-17:55
	android:value
		ADDED from src\main\AndroidManifest.xml:17:13-52
	android:name
		ADDED from src\main\AndroidManifest.xml:16:13-58
meta-data#com.google.android.geo.API_KEY
ADDED from src\main\AndroidManifest.xml:18:9-20:55
	android:value
		ADDED from src\main\AndroidManifest.xml:20:13-52
	android:name
		ADDED from src\main\AndroidManifest.xml:19:13-58
activity#mrtrujis.Rutix.MainActivity
ADDED from src\main\AndroidManifest.xml:22:9-28:20
	android:name
		ADDED from src\main\AndroidManifest.xml:22:19-47
intent-filter#android.intent.action.MAIN+android.intent.category.LAUNCHER
ADDED from src\main\AndroidManifest.xml:23:13-27:29
action#android.intent.action.MAIN
ADDED from src\main\AndroidManifest.xml:24:17-69
	android:name
		ADDED from src\main\AndroidManifest.xml:24:25-66
category#android.intent.category.LAUNCHER
ADDED from src\main\AndroidManifest.xml:26:17-77
	android:name
		ADDED from src\main\AndroidManifest.xml:26:27-74
activity#mrtrujis.Rutix.DetailsActivity
ADDED from src\main\AndroidManifest.xml:29:9-53
	android:name
		ADDED from src\main\AndroidManifest.xml:29:19-50
activity#mrtrujis.Rutix.Mapa
ADDED from src\main\AndroidManifest.xml:30:9-33:59
	android:label
		ADDED from src\main\AndroidManifest.xml:32:13-56
	android:theme
		ADDED from src\main\AndroidManifest.xml:33:13-56
	android:name
		ADDED from src\main\AndroidManifest.xml:31:13-33
activity#mrtrujis.Rutix.MapaDos
ADDED from src\main\AndroidManifest.xml:34:9-37:59
	android:label
		ADDED from src\main\AndroidManifest.xml:36:13-60
	android:theme
		ADDED from src\main\AndroidManifest.xml:37:13-56
	android:name
		ADDED from src\main\AndroidManifest.xml:35:13-36
activity#mrtrujis.Rutix.LoginActivity
ADDED from src\main\AndroidManifest.xml:38:9-51
	android:name
		ADDED from src\main\AndroidManifest.xml:38:19-48
activity#mrtrujis.Rutix.FeedBack
ADDED from src\main\AndroidManifest.xml:39:9-46
	android:name
		ADDED from src\main\AndroidManifest.xml:39:19-43
activity#mrtrujis.Rutix.Thanks
ADDED from src\main\AndroidManifest.xml:40:9-44
	android:name
		ADDED from src\main\AndroidManifest.xml:40:19-41
activity#mrtrujis.Rutix.MiCuenta
ADDED from src\main\AndroidManifest.xml:41:9-55
	android:name
		ADDED from src\main\AndroidManifest.xml:41:19-43
uses-sdk
INJECTED from src\main\AndroidManifest.xml reason: use-sdk injection requested
MERGED from [com.android.support:multidex:1.0.1] AndroidManifest.xml:18:5-42
MERGED from [com.google.firebase:firebase-core:10.2.6] AndroidManifest.xml:4:5-43
MERGED from [com.android.support:design:26.0.1] AndroidManifest.xml:21:5-23:62
MERGED from [com.android.support:recyclerview-v7:26.0.1] AndroidManifest.xml:20:5-44
MERGED from [com.android.support:transition:26.0.1] AndroidManifest.xml:20:5-44
MERGED from [com.google.android.gms:play-services:10.2.6] AndroidManifest.xml:4:5-43
MERGED from [com.google.android.gms:play-services-ads:10.2.6] AndroidManifest.xml:17:5-43
MERGED from [com.google.android.gms:play-services-ads-lite:10.2.6] AndroidManifest.xml:22:5-43
MERGED from [com.google.android.gms:play-services-analytics:10.2.6] AndroidManifest.xml:17:5-43
MERGED from [com.google.android.gms:play-services-appinvite:10.2.6] AndroidManifest.xml:17:5-43
MERGED from [com.google.android.gms:play-services-auth:10.2.6] AndroidManifest.xml:17:5-43
MERGED from [com.google.android.gms:play-services-auth-base:10.2.6] AndroidManifest.xml:4:5-43
MERGED from [com.google.android.gms:play-services-cast-framework:10.2.6] AndroidManifest.xml:3:5-43
MERGED from [com.google.android.gms:play-services-cast:10.2.6] AndroidManifest.xml:17:5-43
MERGED from [com.android.support:mediarouter-v7:25.2.0] AndroidManifest.xml:20:5-43
MERGED from [com.android.support:palette-v7:25.2.0] AndroidManifest.xml:20:5-43
MERGED from [com.google.android.gms:play-services-clearcut:10.2.6] AndroidManifest.xml:17:5-43
MERGED from [com.google.firebase:firebase-config:10.2.6] AndroidManifest.xml:17:5-43
MERGED from [com.google.android.gms:play-services-awareness:10.2.6] AndroidManifest.xml:17:5-43
MERGED from [com.google.firebase:firebase-crash:10.2.6] AndroidManifest.xml:20:5-43
MERGED from [com.google.firebase:firebase-auth:10.2.6] AndroidManifest.xml:17:5-43
MERGED from [com.google.firebase:firebase-database:10.2.6] AndroidManifest.xml:3:5-43
MERGED from [com.google.firebase:firebase-database-connection:10.2.6] AndroidManifest.xml:3:5-43
MERGED from [com.google.firebase:firebase-messaging:10.2.6] AndroidManifest.xml:17:5-43
MERGED from [com.google.firebase:firebase-storage:10.2.6] AndroidManifest.xml:3:5-43
MERGED from [com.google.firebase:firebase-storage-common:10.2.6] AndroidManifest.xml:3:5-43
MERGED from [com.google.android.gms:play-services-fitness:10.2.6] AndroidManifest.xml:17:5-43
MERGED from [com.google.android.gms:play-services-games:10.2.6] AndroidManifest.xml:17:5-43
MERGED from [com.google.android.gms:play-services-drive:10.2.6] AndroidManifest.xml:17:5-43
MERGED from [com.google.android.gms:play-services-gass:10.2.6] AndroidManifest.xml:3:5-43
MERGED from [com.google.android.gms:play-services-gcm:10.2.6] AndroidManifest.xml:17:5-43
MERGED from [com.google.firebase:firebase-appindexing:10.2.6] AndroidManifest.xml:17:5-43
MERGED from [com.google.android.gms:play-services-iid:10.2.6] AndroidManifest.xml:17:5-43
MERGED from [com.google.android.gms:play-services-instantapps:10.2.6] AndroidManifest.xml:3:5-43
MERGED from [com.google.android.gms:play-services-location:10.2.6] AndroidManifest.xml:3:5-43
MERGED from [com.google.android.gms:play-services-nearby:10.2.6] AndroidManifest.xml:3:5-43
MERGED from [com.google.android.gms:play-services-panorama:10.2.6] AndroidManifest.xml:17:5-43
MERGED from [com.google.android.gms:play-services-places:10.2.6] AndroidManifest.xml:17:5-43
MERGED from [com.google.android.gms:play-services-plus:10.2.6] AndroidManifest.xml:17:5-43
MERGED from [com.google.android.gms:play-services-safetynet:10.2.6] AndroidManifest.xml:17:5-43
MERGED from [com.google.android.gms:play-services-tagmanager:10.2.6] AndroidManifest.xml:17:5-43
MERGED from [com.google.android.gms:play-services-tagmanager-api:10.2.6] AndroidManifest.xml:17:5-43
MERGED from [com.google.firebase:firebase-analytics:10.2.6] AndroidManifest.xml:17:5-43
MERGED from [com.google.firebase:firebase-analytics-impl:10.2.6] AndroidManifest.xml:17:5-43
MERGED from [com.google.firebase:firebase-iid:10.2.6] AndroidManifest.xml:17:5-43
MERGED from [com.google.firebase:firebase-common:10.2.6] AndroidManifest.xml:3:5-43
MERGED from [com.google.android.gms:play-services-tagmanager-v4-impl:10.2.6] AndroidManifest.xml:17:5-43
MERGED from [com.google.android.gms:play-services-analytics-impl:10.2.6] AndroidManifest.xml:17:5-43
MERGED from [com.google.android.gms:play-services-vision:10.2.6] AndroidManifest.xml:3:5-43
MERGED from [com.google.android.gms:play-services-wallet:10.2.6] AndroidManifest.xml:18:5-43
MERGED from [com.google.android.gms:play-services-identity:10.2.6] AndroidManifest.xml:17:5-43
MERGED from [com.google.android.gms:play-services-wearable:10.2.6] AndroidManifest.xml:17:5-43
MERGED from [com.google.android.gms:play-services-maps:10.2.6] AndroidManifest.xml:23:5-43
MERGED from [com.google.android.gms:play-services-base:10.2.6] AndroidManifest.xml:17:5-43
MERGED from [com.google.android.gms:play-services-tasks:10.2.6] AndroidManifest.xml:3:5-43
MERGED from [com.google.android.gms:play-services-basement:10.2.6] AndroidManifest.xml:17:5-43
MERGED from [com.google.maps.android:android-maps-utils:0.4.4] AndroidManifest.xml:5:5-43
MERGED from [com.facebook.android:facebook-android-sdk:4.30.0] AndroidManifest.xml:24:5-26:41
MERGED from [com.facebook.android:facebook-login:4.30.0] AndroidManifest.xml:24:5-26:41
MERGED from [com.facebook.android:facebook-share:4.30.0] AndroidManifest.xml:24:5-26:41
MERGED from [com.facebook.android:facebook-common:4.30.0] AndroidManifest.xml:24:5-26:41
MERGED from [com.android.support:support-v4:27.0.2] AndroidManifest.xml:20:5-44
MERGED from [com.android.support:support-media-compat:27.0.2] AndroidManifest.xml:20:5-44
MERGED from [com.android.support:appcompat-v7:27.0.2] AndroidManifest.xml:20:5-44
MERGED from [com.android.support:support-fragment:27.0.2] AndroidManifest.xml:20:5-44
MERGED from [com.android.support:animated-vector-drawable:27.0.2] AndroidManifest.xml:20:5-44
MERGED from [com.android.support:support-vector-drawable:27.0.2] AndroidManifest.xml:20:5-44
MERGED from [com.android.support:support-core-ui:27.0.2] AndroidManifest.xml:20:5-44
MERGED from [com.android.support:cardview-v7:27.0.2] AndroidManifest.xml:20:5-44
MERGED from [com.android.support:customtabs:27.0.2] AndroidManifest.xml:20:5-44
MERGED from [com.facebook.android:facebook-places:4.30.0] AndroidManifest.xml:24:5-26:41
MERGED from [com.facebook.android:facebook-applinks:4.30.0] AndroidManifest.xml:24:5-26:41
MERGED from [com.facebook.android:facebook-messenger:4.30.0] AndroidManifest.xml:24:5-26:41
MERGED from [com.facebook.android:facebook-core:4.30.0] AndroidManifest.xml:24:5-26:41
MERGED from [com.android.support:support-core-utils:27.0.2] AndroidManifest.xml:20:5-44
MERGED from [com.android.support:support-compat:27.0.2] AndroidManifest.xml:20:5-44
MERGED from [android.arch.lifecycle:runtime:1.0.3] AndroidManifest.xml:20:5-22:41
MERGED from [com.android.support.constraint:constraint-layout:1.0.0-alpha7] AndroidManifest.xml:5:5-7:41
	tools:overrideLibrary
		ADDED from [com.android.support:design:26.0.1] AndroidManifest.xml:23:9-59
	android:targetSdkVersion
		INJECTED from src\main\AndroidManifest.xml
		INJECTED from src\main\AndroidManifest.xml
	android:minSdkVersion
		INJECTED from src\main\AndroidManifest.xml
		INJECTED from src\main\AndroidManifest.xml
meta-data#android.support.VERSION
ADDED from [com.android.support:design:26.0.1] AndroidManifest.xml:26:9-28:38
MERGED from [com.android.support:recyclerview-v7:26.0.1] AndroidManifest.xml:23:9-25:38
MERGED from [com.android.support:transition:26.0.1] AndroidManifest.xml:23:9-25:38
	android:value
		ADDED from [com.android.support:design:26.0.1] AndroidManifest.xml:28:13-35
	android:name
		ADDED from [com.android.support:design:26.0.1] AndroidManifest.xml:27:13-51
uses-permission#android.permission.ACCESS_NETWORK_STATE
ADDED from [com.google.android.gms:play-services-ads-lite:10.2.6] AndroidManifest.xml:20:5-78
MERGED from [com.google.android.gms:play-services-analytics:10.2.6] AndroidManifest.xml:21:5-78
MERGED from [com.google.android.gms:play-services-nearby:10.2.6] AndroidManifest.xml:4:5-78
MERGED from [com.google.android.gms:play-services-tagmanager-api:10.2.6] AndroidManifest.xml:21:5-78
MERGED from [com.google.firebase:firebase-analytics:10.2.6] AndroidManifest.xml:21:5-78
MERGED from [com.google.firebase:firebase-analytics-impl:10.2.6] AndroidManifest.xml:21:5-78
MERGED from [com.google.firebase:firebase-iid:10.2.6] AndroidManifest.xml:19:5-78
MERGED from [com.google.android.gms:play-services-analytics-impl:10.2.6] AndroidManifest.xml:21:5-78
MERGED from [com.google.android.gms:play-services-maps:10.2.6] AndroidManifest.xml:19:5-78
	android:name
		ADDED from [com.google.android.gms:play-services-ads-lite:10.2.6] AndroidManifest.xml:20:22-76
activity#com.google.android.gms.ads.AdActivity
ADDED from [com.google.android.gms:play-services-ads-lite:10.2.6] AndroidManifest.xml:25:9-232
	android:configChanges
		ADDED from [com.google.android.gms:play-services-ads-lite:10.2.6] AndroidManifest.xml:25:72-181
	android:theme
		ADDED from [com.google.android.gms:play-services-ads-lite:10.2.6] AndroidManifest.xml:25:182-230
	android:name
		ADDED from [com.google.android.gms:play-services-ads-lite:10.2.6] AndroidManifest.xml:25:19-71
activity#com.google.android.gms.ads.purchase.InAppPurchaseActivity
ADDED from [com.google.android.gms:play-services-ads-lite:10.2.6] AndroidManifest.xml:26:9-131
	android:theme
		ADDED from [com.google.android.gms:play-services-ads-lite:10.2.6] AndroidManifest.xml:26:92-129
	android:name
		ADDED from [com.google.android.gms:play-services-ads-lite:10.2.6] AndroidManifest.xml:26:19-91
uses-permission#android.permission.WAKE_LOCK
ADDED from [com.google.android.gms:play-services-analytics:10.2.6] AndroidManifest.xml:24:5-67
MERGED from [com.google.firebase:firebase-analytics:10.2.6] AndroidManifest.xml:22:5-67
MERGED from [com.google.firebase:firebase-analytics-impl:10.2.6] AndroidManifest.xml:22:5-67
MERGED from [com.google.firebase:firebase-iid:10.2.6] AndroidManifest.xml:21:5-67
MERGED from [com.google.android.gms:play-services-analytics-impl:10.2.6] AndroidManifest.xml:24:5-67
	android:name
		ADDED from [com.google.android.gms:play-services-analytics:10.2.6] AndroidManifest.xml:24:22-65
activity#com.google.android.gms.appinvite.PreviewActivity
ADDED from [com.google.android.gms:play-services-appinvite:10.2.6] AndroidManifest.xml:20:9-25:20
	android:exported
		ADDED from [com.google.android.gms:play-services-appinvite:10.2.6] AndroidManifest.xml:20:51-74
	android:theme
		ADDED from [com.google.android.gms:play-services-appinvite:10.2.6] AndroidManifest.xml:20:75-121
	android:name
		ADDED from [com.google.android.gms:play-services-appinvite:10.2.6] AndroidManifest.xml:20:19-50
intent-filter#android.intent.category.DEFAULT+com.google.android.gms.appinvite.ACTION_PREVIEW
ADDED from [com.google.android.gms:play-services-appinvite:10.2.6] AndroidManifest.xml:21:13-24:29
action#com.google.android.gms.appinvite.ACTION_PREVIEW
ADDED from [com.google.android.gms:play-services-appinvite:10.2.6] AndroidManifest.xml:22:17-89
	android:name
		ADDED from [com.google.android.gms:play-services-appinvite:10.2.6] AndroidManifest.xml:22:25-87
category#android.intent.category.DEFAULT
ADDED from [com.google.android.gms:play-services-appinvite:10.2.6] AndroidManifest.xml:23:17-75
	android:name
		ADDED from [com.google.android.gms:play-services-appinvite:10.2.6] AndroidManifest.xml:23:27-73
activity#com.google.android.gms.auth.api.signin.internal.SignInHubActivity
ADDED from [com.google.android.gms:play-services-auth:10.2.6] AndroidManifest.xml:20:9-189
	android:excludeFromRecents
		ADDED from [com.google.android.gms:play-services-auth:10.2.6] AndroidManifest.xml:20:129-162
	android:exported
		ADDED from [com.google.android.gms:play-services-auth:10.2.6] AndroidManifest.xml:20:163-187
	android:theme
		ADDED from [com.google.android.gms:play-services-auth:10.2.6] AndroidManifest.xml:20:69-128
	android:name
		ADDED from [com.google.android.gms:play-services-auth:10.2.6] AndroidManifest.xml:20:19-68
service#com.google.android.gms.auth.api.signin.RevocationBoundService
ADDED from [com.google.android.gms:play-services-auth:10.2.6] AndroidManifest.xml:24:9-184
	android:exported
		ADDED from [com.google.android.gms:play-services-auth:10.2.6] AndroidManifest.xml:24:64-87
	android:permission
		ADDED from [com.google.android.gms:play-services-auth:10.2.6] AndroidManifest.xml:24:88-182
	android:name
		ADDED from [com.google.android.gms:play-services-auth:10.2.6] AndroidManifest.xml:24:18-63
receiver#com.google.android.gms.cast.framework.media.MediaIntentReceiver
ADDED from [com.google.android.gms:play-services-cast-framework:10.2.6] AndroidManifest.xml:5:9-99
	android:name
		ADDED from [com.google.android.gms:play-services-cast-framework:10.2.6] AndroidManifest.xml:5:19-97
service#com.google.android.gms.cast.framework.media.MediaNotificationService
ADDED from [com.google.android.gms:play-services-cast-framework:10.2.6] AndroidManifest.xml:6:9-103
	android:name
		ADDED from [com.google.android.gms:play-services-cast-framework:10.2.6] AndroidManifest.xml:6:18-101
service#com.google.android.gms.cast.framework.ReconnectionService
ADDED from [com.google.android.gms:play-services-cast-framework:10.2.6] AndroidManifest.xml:7:9-92
	android:name
		ADDED from [com.google.android.gms:play-services-cast-framework:10.2.6] AndroidManifest.xml:7:18-90
service#com.google.firebase.messaging.FirebaseMessagingService
ADDED from [com.google.firebase:firebase-messaging:10.2.6] AndroidManifest.xml:23:9-27:19
	android:exported
		ADDED from [com.google.firebase:firebase-messaging:10.2.6] AndroidManifest.xml:23:88-111
	android:name
		ADDED from [com.google.firebase:firebase-messaging:10.2.6] AndroidManifest.xml:23:18-87
intent-filter#com.google.firebase.MESSAGING_EVENT
ADDED from [com.google.firebase:firebase-messaging:10.2.6] AndroidManifest.xml:24:13-26:29
	android:priority
		ADDED from [com.google.firebase:firebase-messaging:10.2.6] AndroidManifest.xml:24:28-51
action#com.google.firebase.MESSAGING_EVENT
ADDED from [com.google.firebase:firebase-messaging:10.2.6] AndroidManifest.xml:25:17-77
	android:name
		ADDED from [com.google.firebase:firebase-messaging:10.2.6] AndroidManifest.xml:25:25-75
uses-permission#com.google.android.c2dm.permission.RECEIVE
ADDED from [com.google.android.gms:play-services-gcm:10.2.6] AndroidManifest.xml:20:5-81
MERGED from [com.google.android.gms:play-services-iid:10.2.6] AndroidManifest.xml:20:5-81
MERGED from [com.google.firebase:firebase-iid:10.2.6] AndroidManifest.xml:22:5-81
	android:name
		ADDED from [com.google.android.gms:play-services-gcm:10.2.6] AndroidManifest.xml:20:22-79
service#com.google.android.gms.tagmanager.TagManagerService
ADDED from [com.google.android.gms:play-services-tagmanager-api:10.2.6] AndroidManifest.xml:24:9-134
	android:enabled
		ADDED from [com.google.android.gms:play-services-tagmanager-api:10.2.6] AndroidManifest.xml:24:110-132
	android:exported
		ADDED from [com.google.android.gms:play-services-tagmanager-api:10.2.6] AndroidManifest.xml:24:85-109
	android:name
		ADDED from [com.google.android.gms:play-services-tagmanager-api:10.2.6] AndroidManifest.xml:24:18-84
activity#com.google.android.gms.tagmanager.TagManagerPreviewActivity
ADDED from [com.google.android.gms:play-services-tagmanager-api:10.2.6] AndroidManifest.xml:25:9-32:20
	android:noHistory
		ADDED from [com.google.android.gms:play-services-tagmanager-api:10.2.6] AndroidManifest.xml:25:94-118
	android:name
		ADDED from [com.google.android.gms:play-services-tagmanager-api:10.2.6] AndroidManifest.xml:25:19-93
intent-filter#android.intent.action.VIEW+android.intent.category.BROWSABLE+android.intent.category.DEFAULT
ADDED from [com.google.android.gms:play-services-tagmanager-api:10.2.6] AndroidManifest.xml:26:13-31:29
data
ADDED from [com.google.android.gms:play-services-tagmanager-api:10.2.6] AndroidManifest.xml:27:17-71
	android:scheme
		ADDED from [com.google.android.gms:play-services-tagmanager-api:10.2.6] AndroidManifest.xml:27:23-69
action#android.intent.action.VIEW
ADDED from [com.google.android.gms:play-services-tagmanager-api:10.2.6] AndroidManifest.xml:28:17-68
	android:name
		ADDED from [com.google.android.gms:play-services-tagmanager-api:10.2.6] AndroidManifest.xml:28:25-66
category#android.intent.category.BROWSABLE
ADDED from [com.google.android.gms:play-services-tagmanager-api:10.2.6] AndroidManifest.xml:30:17-77
	android:name
		ADDED from [com.google.android.gms:play-services-tagmanager-api:10.2.6] AndroidManifest.xml:30:27-75
receiver#com.google.android.gms.measurement.AppMeasurementReceiver
ADDED from [com.google.firebase:firebase-analytics:10.2.6] AndroidManifest.xml:25:7-26:18
MERGED from [com.google.firebase:firebase-analytics-impl:10.2.6] AndroidManifest.xml:25:7-26:18
	android:enabled
		ADDED from [com.google.firebase:firebase-analytics:10.2.6] AndroidManifest.xml:25:90-112
	android:exported
		ADDED from [com.google.firebase:firebase-analytics:10.2.6] AndroidManifest.xml:25:113-137
	android:name
		ADDED from [com.google.firebase:firebase-analytics:10.2.6] AndroidManifest.xml:25:17-89
receiver#com.google.android.gms.measurement.AppMeasurementInstallReferrerReceiver
ADDED from [com.google.firebase:firebase-analytics:10.2.6] AndroidManifest.xml:27:7-31:18
	android:enabled
		ADDED from [com.google.firebase:firebase-analytics:10.2.6] AndroidManifest.xml:27:162-184
	android:permission
		ADDED from [com.google.firebase:firebase-analytics:10.2.6] AndroidManifest.xml:27:105-161
	android:name
		ADDED from [com.google.firebase:firebase-analytics:10.2.6] AndroidManifest.xml:27:17-104
intent-filter#com.android.vending.INSTALL_REFERRER
ADDED from [com.google.firebase:firebase-analytics:10.2.6] AndroidManifest.xml:28:11-30:27
action#com.android.vending.INSTALL_REFERRER
ADDED from [com.google.firebase:firebase-analytics:10.2.6] AndroidManifest.xml:29:15-76
	android:name
		ADDED from [com.google.firebase:firebase-analytics:10.2.6] AndroidManifest.xml:29:23-74
service#com.google.android.gms.measurement.AppMeasurementService
ADDED from [com.google.firebase:firebase-analytics:10.2.6] AndroidManifest.xml:32:7-137
MERGED from [com.google.firebase:firebase-analytics-impl:10.2.6] AndroidManifest.xml:27:7-137
	android:enabled
		ADDED from [com.google.firebase:firebase-analytics:10.2.6] AndroidManifest.xml:32:88-110
	android:exported
		ADDED from [com.google.firebase:firebase-analytics:10.2.6] AndroidManifest.xml:32:111-135
	android:name
		ADDED from [com.google.firebase:firebase-analytics:10.2.6] AndroidManifest.xml:32:16-87
permission#${applicationId}.permission.C2D_MESSAGE
ADDED from [com.google.firebase:firebase-iid:10.2.6] AndroidManifest.xml:24:5-109
	android:protectionLevel
		ADDED from [com.google.firebase:firebase-iid:10.2.6] AndroidManifest.xml:24:72-107
	android:name
		ADDED from [com.google.firebase:firebase-iid:10.2.6] AndroidManifest.xml:24:17-71
uses-permission#${applicationId}.permission.C2D_MESSAGE
ADDED from [com.google.firebase:firebase-iid:10.2.6] AndroidManifest.xml:26:5-78
	android:name
		ADDED from [com.google.firebase:firebase-iid:10.2.6] AndroidManifest.xml:26:22-76
receiver#com.google.firebase.iid.FirebaseInstanceIdReceiver
ADDED from [com.google.firebase:firebase-iid:10.2.6] AndroidManifest.xml:30:9-35:20
	android:exported
		ADDED from [com.google.firebase:firebase-iid:10.2.6] AndroidManifest.xml:30:85-108
	android:permission
		ADDED from [com.google.firebase:firebase-iid:10.2.6] AndroidManifest.xml:30:109-169
	android:name
		ADDED from [com.google.firebase:firebase-iid:10.2.6] AndroidManifest.xml:30:19-84
intent-filter#${applicationId}+com.google.android.c2dm.intent.RECEIVE
ADDED from [com.google.firebase:firebase-iid:10.2.6] AndroidManifest.xml:31:13-34:29
action#com.google.android.c2dm.intent.RECEIVE
ADDED from [com.google.firebase:firebase-iid:10.2.6] AndroidManifest.xml:32:17-80
	android:name